<?xml version="1.0"?><coverage lines-covered="245" lines-valid="245" line-rate="1" branches-covered="0" branches-valid="0" branch-rate="0" complexity="0" version="1.9" timestamp="1772109214"><sources><source>/home/jeffersonyouashi/Documents/DRIPS/Callora-Contracts</source></sources><packages><package name="contracts/revenue_pool/src" line-rate="1" branch-rate="0" complexity="0"><classes><class name="lib" filename="contracts/revenue_pool/src/lib.rs" line-rate="1" branch-rate="0" complexity="0"><methods/><lines><line number="21" hits="2"/><line number="22" hits="8"/><line number="23" hits="2"/><line number="24" hits="1"/><line number="26" hits="8"/><line number="27" hits="2"/><line number="28" hits="7"/><line number="30" hits="6"/><line number="31" hits="1"/><line number="35" hits="1"/><line number="36" hits="1"/><line number="38" hits="2"/><line number="39" hits="2"/><line number="43" hits="2"/><line number="44" hits="1"/><line number="45" hits="1"/><line number="46" hits="3"/><line number="47" hits="2"/><line number="49" hits="2"/><line number="50" hits="2"/><line number="64" hits="2"/><line number="65" hits="2"/><line number="66" hits="1"/><line number="67" hits="2"/><line number="68" hits="2"/><line number="81" hits="4"/><line number="82" hits="1"/><line number="83" hits="4"/><line number="84" hits="4"/><line number="85" hits="2"/><line number="87" hits="2"/><line number="88" hits="3"/><line number="94" hits="2"/><line number="96" hits="1"/><line number="98" hits="1"/><line number="99" hits="3"/><line number="100" hits="2"/><line number="103" hits="1"/><line number="104" hits="3"/><line number="105" hits="2"/><line number="117" hits="5"/><line number="118" hits="1"/><line number="119" hits="1"/><line number="120" hits="2"/><line number="121" hits="2"/><line number="124" hits="1"/><line number="125" hits="3"/><line number="126" hits="1"/><line number="127" hits="1"/><line number="128" hits="2"/><line number="130" hits="2"/><line number="136" hits="2"/><line number="138" hits="1"/><line number="140" hits="1"/><line number="141" hits="3"/><line number="142" hits="2"/><line number="145" hits="4"/><line number="146" hits="1"/><line number="147" hits="1"/><line number="148" hits="2"/><line number="149" hits="2"/><line number="154" hits="1"/><line number="158" hits="2"/><line number="159" hits="5"/><line number="160" hits="1"/><line number="161" hits="2"/></lines></class><class name="test" filename="contracts/revenue_pool/src/test.rs" line-rate="1" branch-rate="0" complexity="0"><methods/><lines><line number="7" hits="1"/><line number="11" hits="15"/><line number="12" hits="15"/><line number="13" hits="5"/><line number="14" hits="1"/><line number="15" hits="6"/><line number="18" hits="1"/><line number="19" hits="1"/><line number="20" hits="1"/><line number="21" hits="1"/><line number="24" hits="3"/><line number="25" hits="1"/></lines></class></classes></package><package name="contracts/vault/src" line-rate="1" branch-rate="0" complexity="0"><classes><class name="lib" filename="contracts/vault/src/lib.rs" line-rate="1" branch-rate="0" complexity="0"><methods/><lines><line number="50" hits="11"/><line number="59" hits="1"/><line number="60" hits="2"/><line number="61" hits="1"/><line number="63" hits="1"/><line number="64" hits="2"/><line number="65" hits="7"/><line number="66" hits="16"/><line number="67" hits="5"/><line number="68" hits="2"/><line number="71" hits="14"/><line number="72" hits="8"/><line number="73" hits="4"/><line number="74" hits="2"/><line number="77" hits="8"/><line number="81" hits="14"/><line number="82" hits="6"/><line number="83" hits="9"/><line number="84" hits="7"/><line number="85" hits="9"/><line number="86" hits="4"/><line number="87" hits="2"/><line number="89" hits="12"/><line number="91" hits="8"/><line number="92" hits="6"/><line number="94" hits="8"/><line number="98" hits="2"/><line number="99" hits="2"/><line number="101" hits="4"/><line number="106" hits="2"/><line number="107" hits="1"/><line number="108" hits="1"/><line number="109" hits="3"/><line number="110" hits="2"/><line number="112" hits="2"/><line number="113" hits="1"/><line number="117" hits="4"/><line number="118" hits="4"/><line number="120" hits="4"/><line number="125" hits="1"/><line number="126" hits="1"/><line number="128" hits="2"/><line number="129" hits="1"/><line number="133" hits="3"/><line number="134" hits="1"/><line number="136" hits="1"/><line number="137" hits="3"/><line number="138" hits="2"/><line number="141" hits="1"/><line number="142" hits="2"/><line number="148" hits="3"/><line number="150" hits="1"/><line number="152" hits="2"/><line number="153" hits="1"/><line number="154" hits="2"/><line number="157" hits="2"/><line number="159" hits="2"/><line number="160" hits="2"/><line number="164" hits="1"/><line number="165" hits="1"/><line number="167" hits="3"/><line number="172" hits="2"/><line number="173" hits="1"/><line number="175" hits="1"/><line number="176" hits="2"/><line number="186" hits="2"/><line number="188" hits="1"/><line number="189" hits="1"/><line number="190" hits="1"/><line number="192" hits="1"/><line number="196" hits="1"/><line number="197" hits="2"/><line number="198" hits="1"/><line number="200" hits="2"/><line number="201" hits="2"/><line number="203" hits="1"/><line number="207" hits="2"/><line number="208" hits="4"/><line number="209" hits="1"/><line number="210" hits="1"/><line number="211" hits="1"/><line number="213" hits="2"/><line number="214" hits="2"/><line number="216" hits="3"/><line number="217" hits="4"/><line number="218" hits="1"/><line number="220" hits="1"/><line number="221" hits="2"/><line number="222" hits="1"/><line number="223" hits="2"/><line number="224" hits="1"/><line number="225" hits="1"/><line number="228" hits="3"/><line number="229" hits="2"/><line number="233" hits="5"/><line number="234" hits="1"/><line number="235" hits="1"/><line number="236" hits="3"/><line number="237" hits="5"/><line number="238" hits="2"/><line number="240" hits="2"/><line number="241" hits="6"/><line number="242" hits="3"/><line number="243" hits="1"/><line number="244" hits="3"/><line number="245" hits="4"/><line number="246" hits="3"/><line number="249" hits="1"/><line number="250" hits="4"/><line number="251" hits="3"/><line number="252" hits="2"/><line number="253" hits="2"/><line number="254" hits="2"/><line number="255" hits="1"/><line number="256" hits="1"/><line number="257" hits="1"/><line number="260" hits="3"/><line number="263" hits="1"/><line number="264" hits="3"/><line number="265" hits="3"/><line number="266" hits="3"/><line number="270" hits="1"/><line number="271" hits="2"/><line number="272" hits="2"/><line number="273" hits="3"/><line number="274" hits="3"/><line number="279" hits="2"/><line number="281" hits="1"/><line number="282" hits="2"/><line number="284" hits="1"/><line number="285" hits="2"/><line number="286" hits="1"/><line number="288" hits="2"/><line number="289" hits="2"/><line number="290" hits="1"/><line number="292" hits="1"/><line number="296" hits="2"/><line number="297" hits="3"/><line number="298" hits="1"/><line number="299" hits="1"/><line number="300" hits="4"/><line number="305" hits="2"/><line number="307" hits="1"/><line number="308" hits="2"/><line number="310" hits="1"/><line number="311" hits="2"/><line number="312" hits="1"/><line number="314" hits="2"/><line number="316" hits="1"/><line number="317" hits="1"/><line number="318" hits="1"/><line number="320" hits="1"/><line number="322" hits="2"/><line number="326" hits="1"/><line number="327" hits="1"/></lines></class><class name="test" filename="contracts/vault/src/test.rs" line-rate="1" branch-rate="0" complexity="0"><methods/><lines><line number="7" hits="1"/><line number="11" hits="1"/><line number="12" hits="1"/><line number="13" hits="11"/><line number="14" hits="1"/><line number="15" hits="2"/><line number="18" hits="1"/><line number="19" hits="1"/><line number="20" hits="1"/><line number="21" hits="1"/><line number="24" hits="9"/><line number="29" hits="3"/></lines></class></classes></package></packages></coverage>