<?xml version="1.0"?><coverage lines-covered="135" lines-valid="135" line-rate="1" branches-covered="0" branches-valid="0" branch-rate="0" complexity="0" version="1.9" timestamp="1771992830"><sources><source>/home/jeffersonyouashi/Documents/DRIPS/Callora-Contracts</source></sources><packages><package name="contracts/vault/src" line-rate="1" branch-rate="0" complexity="0"><classes><class name="lib" filename="contracts/vault/src/lib.rs" line-rate="1" branch-rate="0" complexity="0"><methods/><lines><line number="40" hits="2"/><line number="47" hits="1"/><line number="48" hits="2"/><line number="49" hits="1"/><line number="51" hits="1"/><line number="52" hits="2"/><line number="54" hits="1"/><line number="59" hits="3"/><line number="60" hits="1"/><line number="61" hits="1"/><line number="62" hits="1"/><line number="63" hits="1"/><line number="66" hits="1"/><line number="67" hits="1"/><line number="69" hits="1"/><line number="73" hits="1"/><line number="74" hits="2"/><line number="76" hits="2"/><line number="77" hits="1"/><line number="81" hits="3"/><line number="82" hits="2"/><line number="83" hits="2"/><line number="84" hits="4"/><line number="85" hits="2"/><line number="87" hits="2"/><line number="88" hits="1"/><line number="108" hits="2"/><line number="110" hits="1"/><line number="113" hits="1"/><line number="114" hits="2"/><line number="115" hits="2"/><line number="119" hits="1"/><line number="120" hits="2"/><line number="124" hits="2"/><line number="125" hits="1"/><line number="127" hits="1"/><line number="130" hits="2"/><line number="131" hits="1"/><line number="132" hits="2"/><line number="136" hits="2"/><line number="139" hits="2"/><line number="140" hits="2"/><line number="144" hits="1"/><line number="145" hits="1"/><line number="147" hits="3"/><line number="148" hits="3"/><line number="153" hits="4"/><line number="154" hits="1"/><line number="156" hits="2"/><line number="157" hits="1"/><line number="163" hits="2"/><line number="164" hits="2"/><line number="165" hits="1"/><line number="168" hits="2"/><line number="169" hits="3"/><line number="171" hits="1"/><line number="176" hits="5"/><line number="177" hits="1"/><line number="178" hits="3"/><line number="179" hits="3"/><line number="180" hits="4"/><line number="181" hits="4"/><line number="182" hits="2"/><line number="184" hits="2"/><line number="185" hits="2"/><line number="186" hits="1"/><line number="187" hits="2"/><line number="188" hits="1"/><line number="189" hits="1"/><line number="192" hits="2"/><line number="193" hits="1"/><line number="199" hits="2"/><line number="200" hits="1"/><line number="201" hits="1"/><line number="202" hits="2"/><line number="203" hits="2"/><line number="206" hits="3"/><line number="207" hits="8"/><line number="208" hits="4"/><line number="209" hits="4"/><line number="210" hits="4"/><line number="214" hits="1"/><line number="215" hits="2"/><line number="216" hits="3"/><line number="217" hits="1"/><line number="218" hits="2"/><line number="219" hits="1"/><line number="220" hits="1"/><line number="221" hits="1"/><line number="222" hits="1"/><line number="225" hits="2"/><line number="228" hits="1"/><line number="229" hits="1"/><line number="230" hits="1"/><line number="231" hits="1"/><line number="236" hits="1"/><line number="237" hits="2"/><line number="238" hits="1"/><line number="239" hits="2"/><line number="240" hits="3"/><line number="241" hits="2"/><line number="242" hits="2"/><line number="243" hits="1"/><line number="245" hits="2"/><line number="246" hits="2"/><line number="247" hits="1"/><line number="249" hits="1"/><line number="254" hits="1"/><line number="255" hits="4"/><line number="256" hits="1"/><line number="257" hits="1"/><line number="258" hits="3"/><line number="259" hits="4"/><line number="260" hits="4"/><line number="261" hits="2"/><line number="263" hits="4"/><line number="265" hits="2"/><line number="266" hits="2"/><line number="267" hits="2"/><line number="269" hits="2"/><line number="271" hits="2"/><line number="275" hits="1"/><line number="276" hits="2"/></lines></class><class name="test" filename="contracts/vault/src/test.rs" line-rate="1" branch-rate="0" complexity="0"><methods/><lines><line number="7" hits="1"/><line number="11" hits="1"/><line number="12" hits="2"/><line number="13" hits="2"/><line number="14" hits="1"/><line number="15" hits="1"/><line number="18" hits="1"/><line number="19" hits="1"/><line number="20" hits="1"/><line number="21" hits="1"/><line number="24" hits="1"/><line number="30" hits="1"/></lines></class></classes></package></packages></coverage>